2022-01-17 14:20:03,674 INFO: started new import
2022-01-17 14:20:04,291 DEBUG: Starting new HTTPS connection (1): datausa.io:443
2022-01-17 14:20:04,361 DEBUG: https://datausa.io:443 "GET /api/data?measure=Household%20Income%20by%20Race,Household%20Income%20by%20Race%20Moe&drilldowns=Race&Geography=16000US1304000:parents,16000US1304000,16000US1304000:similar HTTP/1.1" 200 None
2022-01-17 14:20:04,367 DEBUG: connection status code: 200
2022-01-17 14:20:22,615 INFO: Finished writing to pop
2022-01-17 14:26:51,291 INFO: started new import
2022-01-17 14:26:52,332 DEBUG: Starting new HTTPS connection (1): datausa.io:443
2022-01-17 14:26:52,500 DEBUG: https://datausa.io:443 "GET /api/data?measure=Household%20Income%20by%20Race,Household%20Income%20by%20Race%20Moe&drilldowns=Race&Geography=16000US1304000:parents,16000US1304000,16000US1304000:similar HTTP/1.1" 200 None
2022-01-17 14:26:52,505 DEBUG: connection status code: 200
2022-01-17 14:26:52,983 INFO: Finished writing to pop
2022-01-17 14:27:54,531 DEBUG: Starting new HTTPS connection (1): datausa.io:443
2022-01-17 14:27:54,586 DEBUG: https://datausa.io:443 "GET /api/data?measure=Household%20Income%20by%20Race,Household%20Income%20by%20Race%20Moe&drilldowns=Race&Geography=16000US1304000:parents,16000US1304000,16000US1304000:similar HTTP/1.1" 200 None
2022-01-17 14:27:54,589 DEBUG: connection status code: 200
2022-01-17 14:27:55,931 INFO: Finished writing to pop
2022-01-17 14:28:24,977 INFO: started new import, test = True
2022-01-17 14:28:25,593 DEBUG: Starting new HTTPS connection (1): datausa.io:443
2022-01-17 14:28:25,647 DEBUG: https://datausa.io:443 "GET /api/data?measure=Household%20Income%20by%20Race,Household%20Income%20by%20Race%20Moe&drilldowns=Race&Geography=16000US1304000:parents,16000US1304000,16000US1304000:similar HTTP/1.1" 200 None
2022-01-17 14:28:25,652 DEBUG: connection status code: 200
2022-01-17 14:28:25,917 INFO: Finished writing to pop
2022-01-17 15:12:38,090 INFO: started new import, test = True
2022-01-17 15:12:38,124 DEBUG: Starting new HTTPS connection (1): datausa.io:443
2022-01-17 15:12:38,251 DEBUG: https://datausa.io:443 "GET /api/data?measure=Household%20Income%20by%20Race,Household%20Income%20by%20Race%20Moe&drilldowns=Race&Geography=16000US1304000:parents,16000US1304000,16000US1304000:similar HTTP/1.1" 200 None
2022-01-17 15:12:38,255 DEBUG: connection status code: 200
2022-01-17 15:12:39,366 INFO: Finished writing to pop
